<?xml version="1.0" encoding="UTF-8"?>
<testng-results ignored="0" total="1" passed="1" failed="0" skipped="0">
  <reporter-output>
  </reporter-output>
  <suite started-at="2020-09-28T15:30:47Z" name="Default suite" finished-at="2020-09-28T15:30:57Z" duration-ms="10488">
    <groups>
    </groups>
    <test started-at="2020-09-28T15:30:47Z" name="Default test" finished-at="2020-09-28T15:30:57Z" duration-ms="10488">
      <class name="test.GoogleExampleTest">
        <test-method signature="testcase()[pri:0, instance:test.GoogleExampleTest@5d534f5d]" started-at="2020-09-28T15:30:47Z" name="testcase" finished-at="2020-09-28T15:30:57Z" duration-ms="10465" status="PASS">
          <reporter-output>
          </reporter-output>
        </test-method> <!-- testcase -->
      </class> <!-- test.GoogleExampleTest -->
    </test> <!-- Default test -->
  </suite> <!-- Default suite -->
</testng-results>
